<?xml version="1.0" encoding="UTF-8" ?>
<testsuite errors="5" failures="0" hostname="stage" name="biblioj.AuteurControllerTests" tests="8" time="3.868" timestamp="2014-04-22T08:57:01">
  <properties />
  <testcase classname="biblioj.AuteurControllerTests" name="testIndex" time="1.306" />
  <testcase classname="biblioj.AuteurControllerTests" name="testList" time="1.168" />
  <testcase classname="biblioj.AuteurControllerTests" name="testShow" time="0.476" />
  <testcase classname="biblioj.AuteurControllerTests" name="testCreate" time="0.301">
    <error message="No signature of method: biblioj.AuteurController.create() is applicable for argument types: () values: []&#xa;Possible solutions: grep(), chain(java.util.Map), render(groovy.lang.Closure), render(java.lang.Object), render(java.lang.String), render(java.util.Map)" type="groovy.lang.MissingMethodException">groovy.lang.MissingMethodException: No signature of method: biblioj.AuteurController.create() is applicable for argument types: () values: []
Possible solutions: grep(), chain(java.util.Map), render(groovy.lang.Closure), render(java.lang.Object), render(java.lang.String), render(java.util.Map)
	at biblioj.AuteurControllerTests.testCreate(AuteurControllerTests.groovy:39)
</error>
  </testcase>
  <testcase classname="biblioj.AuteurControllerTests" name="testSave" time="0.106">
    <error message="No signature of method: biblioj.AuteurController.save() is applicable for argument types: () values: []&#xa;Possible solutions: wait(), show(), any(), wait(long), show(java.lang.Long), any(groovy.lang.Closure)" type="groovy.lang.MissingMethodException">groovy.lang.MissingMethodException: No signature of method: biblioj.AuteurController.save() is applicable for argument types: () values: []
Possible solutions: wait(), show(), any(), wait(long), show(java.lang.Long), any(groovy.lang.Closure)
	at biblioj.AuteurControllerTests.testSave(AuteurControllerTests.groovy:45)
</error>
  </testcase>
  <testcase classname="biblioj.AuteurControllerTests" name="testEdit" time="0.098">
    <error message="No signature of method: biblioj.AuteurController.edit() is applicable for argument types: () values: []&#xa;Possible solutions: wait(), wait(long), wait(long, int), list(), list(java.lang.Integer), with(groovy.lang.Closure)" type="groovy.lang.MissingMethodException">groovy.lang.MissingMethodException: No signature of method: biblioj.AuteurController.edit() is applicable for argument types: () values: []
Possible solutions: wait(), wait(long), wait(long, int), list(), list(java.lang.Integer), with(groovy.lang.Closure)
	at biblioj.AuteurControllerTests.testEdit(AuteurControllerTests.groovy:79)
</error>
  </testcase>
  <testcase classname="biblioj.AuteurControllerTests" name="testUpdate" time="0.14">
    <error message="No signature of method: biblioj.AuteurController.update() is applicable for argument types: () values: []&#xa;Possible solutions: putAt(java.lang.String, java.lang.Object), split(groovy.lang.Closure), isCase(java.lang.Object), use([Ljava.lang.Object;), use(java.lang.Class, groovy.lang.Closure), use(java.util.List, groovy.lang.Closure)" type="groovy.lang.MissingMethodException">groovy.lang.MissingMethodException: No signature of method: biblioj.AuteurController.update() is applicable for argument types: () values: []
Possible solutions: putAt(java.lang.String, java.lang.Object), split(groovy.lang.Closure), isCase(java.lang.Object), use([Ljava.lang.Object;), use(java.lang.Class, groovy.lang.Closure), use(java.util.List, groovy.lang.Closure)
	at biblioj.AuteurControllerTests.testUpdate(AuteurControllerTests.groovy:97)
</error>
  </testcase>
  <testcase classname="biblioj.AuteurControllerTests" name="testDelete" time="0.096">
    <error message="No signature of method: biblioj.AuteurController.delete() is applicable for argument types: () values: []&#xa;Possible solutions: sleep(long), sleep(long, groovy.lang.Closure), every(), every(groovy.lang.Closure), split(groovy.lang.Closure), getAt(java.lang.String)" type="groovy.lang.MissingMethodException">groovy.lang.MissingMethodException: No signature of method: biblioj.AuteurController.delete() is applicable for argument types: () values: []
Possible solutions: sleep(long), sleep(long, groovy.lang.Closure), every(), every(groovy.lang.Closure), split(groovy.lang.Closure), getAt(java.lang.String)
	at biblioj.AuteurControllerTests.testDelete(AuteurControllerTests.groovy:142)
</error>
  </testcase>
  <system-out><![CDATA[--Output from testIndex--
--Output from testList--
--Output from testShow--
--Output from testCreate--
--Output from testSave--
--Output from testEdit--
--Output from testUpdate--
--Output from testDelete--
]]></system-out>
  <system-err><![CDATA[--Output from testIndex--
--Output from testList--
--Output from testShow--
--Output from testCreate--
--Output from testSave--
--Output from testEdit--
--Output from testUpdate--
--Output from testDelete--
]]></system-err>
</testsuite>
