<?xml version="1.0" encoding="UTF-8" ?>
<testsuite errors="2" failures="0" hostname="stage" name="biblioj.ReservationControllerTests" tests="8" time="2.154" timestamp="2014-04-22T22:15:35">
  <properties />
  <testcase classname="biblioj.ReservationControllerTests" name="testIndex" time="0.888" />
  <testcase classname="biblioj.ReservationControllerTests" name="testSave" time="0.401" />
  <testcase classname="biblioj.ReservationControllerTests" name="testCreate" time="0.096" />
  <testcase classname="biblioj.ReservationControllerTests" name="testShow" time="0.091" />
  <testcase classname="biblioj.ReservationControllerTests" name="testEdit" time="0.106">
    <error message="No signature of method: biblioj.ReservationController.edit() is applicable for argument types: () values: []&#xa;Possible solutions: wait(), wait(long), wait(long, int), add(), list(), add(java.lang.Long)" type="groovy.lang.MissingMethodException">groovy.lang.MissingMethodException: No signature of method: biblioj.ReservationController.edit() is applicable for argument types: () values: []
Possible solutions: wait(), wait(long), wait(long, int), add(), list(), add(java.lang.Long)
	at biblioj.ReservationControllerTests.testEdit(ReservationControllerTests.groovy:82)
</error>
  </testcase>
  <testcase classname="biblioj.ReservationControllerTests" name="testUpdate" time="0.124">
    <error message="No signature of method: biblioj.ReservationController.update() is applicable for argument types: () values: []&#xa;Possible solutions: create(), putAt(java.lang.String, java.lang.Object), delete(), save(), delete(java.lang.Long), split(groovy.lang.Closure)" type="groovy.lang.MissingMethodException">groovy.lang.MissingMethodException: No signature of method: biblioj.ReservationController.update() is applicable for argument types: () values: []
Possible solutions: create(), putAt(java.lang.String, java.lang.Object), delete(), save(), delete(java.lang.Long), split(groovy.lang.Closure)
	at biblioj.ReservationControllerTests.testUpdate(ReservationControllerTests.groovy:100)
</error>
  </testcase>
  <testcase classname="biblioj.ReservationControllerTests" name="testDelete" time="0.126" />
  <testcase classname="biblioj.ReservationControllerTests" name="testList" time="0.092" />
  <system-out><![CDATA[--Output from testIndex--
--Output from testSave--
--Output from testCreate--
--Output from testShow--
--Output from testEdit--
--Output from testUpdate--
--Output from testDelete--
--Output from testList--
]]></system-out>
  <system-err><![CDATA[--Output from testIndex--
--Output from testSave--
--Output from testCreate--
--Output from testShow--
--Output from testEdit--
--Output from testUpdate--
--Output from testDelete--
--Output from testList--
]]></system-err>
</testsuite>
