<?xml version="1.0" encoding="UTF-8" ?>
<testsuites>
  <testsuite errors="5" failures="0" hostname="stage" id="0" name="AuteurControllerTests" package="biblioj" tests="8" time="5.15" timestamp="2014-04-22T08:29:30">
      <properties />

      <testcase classname="biblioj.AuteurControllerTests" name="testIndex" time="2.089" />

      <testcase classname="biblioj.AuteurControllerTests" name="testList" time="1.475" />

      <testcase classname="biblioj.AuteurControllerTests" name="testCreate" time="0.206">
          <error message="No signature of method: biblioj.AuteurController.create() is applicable for argument types: () values: []&#xa;Possible solutions: grep(), chain(java.util.Map), render(groovy.lang.Closure), render(java.lang.Object), render(java.lang.String), render(java.util.Map)" type="groovy.lang.MissingMethodException">groovy.lang.MissingMethodException: No signature of method: biblioj.AuteurController.create() is applicable for argument types: () values: []
Possible solutions: grep(), chain(java.util.Map), render(groovy.lang.Closure), render(java.lang.Object), render(java.lang.String), render(java.util.Map)
	at biblioj.AuteurControllerTests.testCreate(AuteurControllerTests.groovy:39)
</error>

      </testcase>

      <testcase classname="biblioj.AuteurControllerTests" name="testSave" time="0.109">
          <error message="No signature of method: biblioj.AuteurController.save() is applicable for argument types: () values: []&#xa;Possible solutions: wait(), show(), any(), wait(long), show(java.lang.Long), sleep(long)" type="groovy.lang.MissingMethodException">groovy.lang.MissingMethodException: No signature of method: biblioj.AuteurController.save() is applicable for argument types: () values: []
Possible solutions: wait(), show(), any(), wait(long), show(java.lang.Long), sleep(long)
	at biblioj.AuteurControllerTests.testSave(AuteurControllerTests.groovy:45)
</error>

      </testcase>

      <testcase classname="biblioj.AuteurControllerTests" name="testDelete" time="0.322">
          <error message="No signature of method: biblioj.AuteurController.delete() is applicable for argument types: () values: []&#xa;Possible solutions: sleep(long), sleep(long, groovy.lang.Closure), every(), every(groovy.lang.Closure), split(groovy.lang.Closure), getAt(java.lang.String)" type="groovy.lang.MissingMethodException">groovy.lang.MissingMethodException: No signature of method: biblioj.AuteurController.delete() is applicable for argument types: () values: []
Possible solutions: sleep(long), sleep(long, groovy.lang.Closure), every(), every(groovy.lang.Closure), split(groovy.lang.Closure), getAt(java.lang.String)
	at biblioj.AuteurControllerTests.testDelete(AuteurControllerTests.groovy:142)
</error>

      </testcase>

      <testcase classname="biblioj.AuteurControllerTests" name="testShow" time="0.486" />

      <testcase classname="biblioj.AuteurControllerTests" name="testEdit" time="0.118">
          <error message="No signature of method: biblioj.AuteurController.edit() is applicable for argument types: () values: []&#xa;Possible solutions: wait(), wait(long), wait(long, int), list(), list(java.lang.Integer), print(java.lang.Object)" type="groovy.lang.MissingMethodException">groovy.lang.MissingMethodException: No signature of method: biblioj.AuteurController.edit() is applicable for argument types: () values: []
Possible solutions: wait(), wait(long), wait(long, int), list(), list(java.lang.Integer), print(java.lang.Object)
	at biblioj.AuteurControllerTests.testEdit(AuteurControllerTests.groovy:79)
</error>

      </testcase>

      <testcase classname="biblioj.AuteurControllerTests" name="testUpdate" time="0.1">
          <error message="No signature of method: biblioj.AuteurController.update() is applicable for argument types: () values: []&#xa;Possible solutions: putAt(java.lang.String, java.lang.Object), isCase(java.lang.Object), split(groovy.lang.Closure), use([Ljava.lang.Object;), use(java.util.List, groovy.lang.Closure), use(java.lang.Class, groovy.lang.Closure)" type="groovy.lang.MissingMethodException">groovy.lang.MissingMethodException: No signature of method: biblioj.AuteurController.update() is applicable for argument types: () values: []
Possible solutions: putAt(java.lang.String, java.lang.Object), isCase(java.lang.Object), split(groovy.lang.Closure), use([Ljava.lang.Object;), use(java.util.List, groovy.lang.Closure), use(java.lang.Class, groovy.lang.Closure)
	at biblioj.AuteurControllerTests.testUpdate(AuteurControllerTests.groovy:97)
</error>

      </testcase>

      <system-out><![CDATA[--Output from testIndex--
--Output from testList--
--Output from testCreate--
--Output from testSave--
--Output from testDelete--
--Output from testShow--
--Output from testEdit--
--Output from testUpdate--
]]></system-out>

      <system-err><![CDATA[--Output from testIndex--
--Output from testList--
--Output from testCreate--
--Output from testSave--
--Output from testDelete--
--Output from testShow--
--Output from testEdit--
--Output from testUpdate--
]]></system-err>

  </testsuite>
  <testsuite errors="0" failures="0" hostname="stage" id="1" name="AuteurTests" package="biblioj" tests="4" time="0.478" timestamp="2014-04-22T08:29:39">
      <properties />

      <testcase classname="biblioj.AuteurTests" name="testNom" time="0.097" />

      <testcase classname="biblioj.AuteurTests" name="testToString" time="0.045" />

      <testcase classname="biblioj.AuteurTests" name="testPrenom" time="0.032" />

      <testcase classname="biblioj.AuteurTests" name="testBlanks" time="0.074" />

      <system-out><![CDATA[--Output from testNom--
--Output from testToString--
--Output from testPrenom--
--Output from testBlanks--
]]></system-out>

      <system-err><![CDATA[--Output from testNom--
--Output from testToString--
--Output from testPrenom--
--Output from testBlanks--
]]></system-err>

  </testsuite>
  <testsuite errors="0" failures="1" hostname="stage" id="2" name="CartControllerTests" package="biblioj" tests="1" time="5.558" timestamp="2014-04-22T08:29:25">
      <properties />

      <testcase classname="biblioj.CartControllerTests" name="testSomething" time="4.635">
          <failure message="junit.framework.AssertionFailedError: Implement me" type="junit.framework.AssertionFailedError">junit.framework.AssertionFailedError: junit.framework.AssertionFailedError: Implement me
	at biblioj.CartControllerTests.testSomething(CartControllerTests.groovy:15)
</failure>

      </testcase>

      <system-out><![CDATA[--Output from testSomething--
]]></system-out>

      <system-err><![CDATA[--Output from testSomething--
]]></system-err>

  </testsuite>
  <testsuite errors="0" failures="5" hostname="stage" id="3" name="LivreControllerTests" package="biblioj" tests="8" time="2.162" timestamp="2014-04-22T08:29:35">
      <properties />

      <testcase classname="biblioj.LivreControllerTests" name="testIndex" time="0.47" />

      <testcase classname="biblioj.LivreControllerTests" name="testList" time="0.207" />

      <testcase classname="biblioj.LivreControllerTests" name="testCreate" time="0.115" />

      <testcase classname="biblioj.LivreControllerTests" name="testSave" time="0.359">
          <failure message="Assertion failed: &#xa;&#xa;assert response.redirectedUrl == &apos;/livre/show/1&apos;&#xa;       |        |             |&#xa;       |        null          false&#xa;       org.codehaus.groovy.grails.plugins.testing.GrailsMockHttpServletResponse@354b78&#xa;" type="junit.framework.AssertionFailedError">junit.framework.AssertionFailedError: Assertion failed: 

assert response.redirectedUrl == &apos;/livre/show/1&apos;
       |        |             |
       |        null          false
       org.codehaus.groovy.grails.plugins.testing.GrailsMockHttpServletResponse@354b78

	at biblioj.LivreControllerTests.testSave(LivreControllerTests.groovy:60)
</failure>

      </testcase>

      <testcase classname="biblioj.LivreControllerTests" name="testDelete" time="0.274">
          <failure message="Assertion failed: &#xa;&#xa;assert livre.save() != null&#xa;       |     |      |&#xa;       |     null   false&#xa;       Hunger games, nombre d&apos;exemplaire : 3&#xa;" type="junit.framework.AssertionFailedError">junit.framework.AssertionFailedError: Assertion failed: 

assert livre.save() != null
       |     |      |
       |     null   false
       Hunger games, nombre d&apos;exemplaire : 3

	at biblioj.LivreControllerTests.testDelete(LivreControllerTests.groovy:156)
</failure>

      </testcase>

      <testcase classname="biblioj.LivreControllerTests" name="testShow" time="0.201">
          <failure message="Assertion failed: &#xa;&#xa;assert livre.save() != null&#xa;       |     |      |&#xa;       |     null   false&#xa;       Hunger games, nombre d&apos;exemplaire : 3&#xa;" type="junit.framework.AssertionFailedError">junit.framework.AssertionFailedError: Assertion failed: 

assert livre.save() != null
       |     |      |
       |     null   false
       Hunger games, nombre d&apos;exemplaire : 3

	at biblioj.LivreControllerTests.testShow(LivreControllerTests.groovy:74)
</failure>

      </testcase>

      <testcase classname="biblioj.LivreControllerTests" name="testEdit" time="0.14">
          <failure message="Assertion failed: &#xa;&#xa;assert livre.save() != null&#xa;       |     |      |&#xa;       |     null   false&#xa;       Hunger games, nombre d&apos;exemplaire : 3&#xa;" type="junit.framework.AssertionFailedError">junit.framework.AssertionFailedError: Assertion failed: 

assert livre.save() != null
       |     |      |
       |     null   false
       Hunger games, nombre d&apos;exemplaire : 3

	at biblioj.LivreControllerTests.testEdit(LivreControllerTests.groovy:92)
</failure>

      </testcase>

      <testcase classname="biblioj.LivreControllerTests" name="testUpdate" time="0.201">
          <failure message="Assertion failed: &#xa;&#xa;assert livre.save() != null&#xa;       |     |      |&#xa;       |     null   false&#xa;       Hunger games, nombre d&apos;exemplaire : 3&#xa;" type="junit.framework.AssertionFailedError">junit.framework.AssertionFailedError: Assertion failed: 

assert livre.save() != null
       |     |      |
       |     null   false
       Hunger games, nombre d&apos;exemplaire : 3

	at biblioj.LivreControllerTests.testUpdate(LivreControllerTests.groovy:112)
</failure>

      </testcase>

      <system-out><![CDATA[--Output from testIndex--
--Output from testList--
--Output from testCreate--
--Output from testSave--
--Output from testDelete--
--Output from testShow--
--Output from testEdit--
--Output from testUpdate--
]]></system-out>

      <system-err><![CDATA[--Output from testIndex--
--Output from testList--
--Output from testCreate--
--Output from testSave--
--Output from testDelete--
--Output from testShow--
--Output from testEdit--
--Output from testUpdate--
]]></system-err>

  </testsuite>
  <testsuite errors="0" failures="1" hostname="stage" id="4" name="LivreServiceTests" package="biblioj" tests="1" time="0.218" timestamp="2014-04-22T08:29:38">
      <properties />

      <testcase classname="biblioj.LivreServiceTests" name="testSomething" time="0.033">
          <failure message="junit.framework.AssertionFailedError: Implement me" type="junit.framework.AssertionFailedError">junit.framework.AssertionFailedError: junit.framework.AssertionFailedError: Implement me
	at biblioj.LivreServiceTests.testSomething(LivreServiceTests.groovy:15)
</failure>

      </testcase>

      <system-out><![CDATA[--Output from testSomething--
]]></system-out>

      <system-err><![CDATA[--Output from testSomething--
]]></system-err>

  </testsuite>
  <testsuite errors="0" failures="0" hostname="stage" id="5" name="LivreTests" package="biblioj" tests="7" time="0.505" timestamp="2014-04-22T08:29:39">
      <properties />

      <testcase classname="biblioj.LivreTests" name="testNullable" time="0.155" />

      <testcase classname="biblioj.LivreTests" name="testBlank" time="0.048" />

      <testcase classname="biblioj.LivreTests" name="testToString" time="0.034" />

      <testcase classname="biblioj.LivreTests" name="testTitre" time="0.021" />

      <testcase classname="biblioj.LivreTests" name="testNombreExemplaires" time="0.018" />

      <testcase classname="biblioj.LivreTests" name="testNombreExemplairesDisponibles" time="0.018" />

      <testcase classname="biblioj.LivreTests" name="testType" time="0.019" />

      <system-out><![CDATA[--Output from testNullable--
--Output from testBlank--
--Output from testToString--
--Output from testTitre--
--Output from testNombreExemplaires--
--Output from testNombreExemplairesDisponibles--
--Output from testType--
]]></system-out>

      <system-err><![CDATA[--Output from testNullable--
--Output from testBlank--
--Output from testToString--
--Output from testTitre--
--Output from testNombreExemplaires--
--Output from testNombreExemplairesDisponibles--
--Output from testType--
]]></system-err>

  </testsuite>
  <testsuite errors="0" failures="5" hostname="stage" id="6" name="ReservationControllerTests" package="biblioj" tests="8" time="1.74" timestamp="2014-04-22T08:29:40">
      <properties />

      <testcase classname="biblioj.ReservationControllerTests" name="testIndex" time="0.59" />

      <testcase classname="biblioj.ReservationControllerTests" name="testList" time="0.162" />

      <testcase classname="biblioj.ReservationControllerTests" name="testCreate" time="0.135" />

      <testcase classname="biblioj.ReservationControllerTests" name="testSave" time="0.14">
          <failure message="Assertion failed: &#xa;&#xa;assert response.redirectedUrl == &apos;/reservation/show/1&apos;&#xa;       |        |             |&#xa;       |        null          false&#xa;       org.codehaus.groovy.grails.plugins.testing.GrailsMockHttpServletResponse@1c8cd04&#xa;" type="junit.framework.AssertionFailedError">junit.framework.AssertionFailedError: Assertion failed: 

assert response.redirectedUrl == &apos;/reservation/show/1&apos;
       |        |             |
       |        null          false
       org.codehaus.groovy.grails.plugins.testing.GrailsMockHttpServletResponse@1c8cd04

	at biblioj.ReservationControllerTests.testSave(ReservationControllerTests.groovy:58)
</failure>

      </testcase>

      <testcase classname="biblioj.ReservationControllerTests" name="testDelete" time="0.119">
          <failure message="Assertion failed: &#xa;&#xa;assert reservation.save() != null&#xa;       |           |      |&#xa;       |           null   false&#xa;       biblioj.Reservation@1989b88 (toString() threw groovy.lang.MissingMethodException)&#xa;" type="junit.framework.AssertionFailedError">junit.framework.AssertionFailedError: Assertion failed: 

assert reservation.save() != null
       |           |      |
       |           null   false
       biblioj.Reservation@1989b88 (toString() threw groovy.lang.MissingMethodException)

	at biblioj.ReservationControllerTests.testDelete(ReservationControllerTests.groovy:154)
</failure>

      </testcase>

      <testcase classname="biblioj.ReservationControllerTests" name="testShow" time="0.135">
          <failure message="Assertion failed: &#xa;&#xa;assert reservation.save() != null&#xa;       |           |      |&#xa;       |           null   false&#xa;       biblioj.Reservation@b1efc4 (toString() threw groovy.lang.MissingMethodException)&#xa;" type="junit.framework.AssertionFailedError">junit.framework.AssertionFailedError: Assertion failed: 

assert reservation.save() != null
       |           |      |
       |           null   false
       biblioj.Reservation@b1efc4 (toString() threw groovy.lang.MissingMethodException)

	at biblioj.ReservationControllerTests.testShow(ReservationControllerTests.groovy:72)
</failure>

      </testcase>

      <testcase classname="biblioj.ReservationControllerTests" name="testEdit" time="0.135">
          <failure message="Assertion failed: &#xa;&#xa;assert reservation.save() != null&#xa;       |           |      |&#xa;       |           null   false&#xa;       biblioj.Reservation@1ad956d (toString() threw groovy.lang.MissingMethodException)&#xa;" type="junit.framework.AssertionFailedError">junit.framework.AssertionFailedError: Assertion failed: 

assert reservation.save() != null
       |           |      |
       |           null   false
       biblioj.Reservation@1ad956d (toString() threw groovy.lang.MissingMethodException)

	at biblioj.ReservationControllerTests.testEdit(ReservationControllerTests.groovy:90)
</failure>

      </testcase>

      <testcase classname="biblioj.ReservationControllerTests" name="testUpdate" time="0.132">
          <failure message="Assertion failed: &#xa;&#xa;assert reservation.save() != null&#xa;       |           |      |&#xa;       |           null   false&#xa;       biblioj.Reservation@10452d6 (toString() threw groovy.lang.MissingMethodException)&#xa;" type="junit.framework.AssertionFailedError">junit.framework.AssertionFailedError: Assertion failed: 

assert reservation.save() != null
       |           |      |
       |           null   false
       biblioj.Reservation@10452d6 (toString() threw groovy.lang.MissingMethodException)

	at biblioj.ReservationControllerTests.testUpdate(ReservationControllerTests.groovy:110)
</failure>

      </testcase>

      <system-out><![CDATA[--Output from testIndex--
--Output from testList--
--Output from testCreate--
--Output from testSave--
--Output from testDelete--
--Output from testShow--
--Output from testEdit--
--Output from testUpdate--
]]></system-out>

      <system-err><![CDATA[--Output from testIndex--
--Output from testList--
--Output from testCreate--
--Output from testSave--
--Output from testDelete--
--Output from testShow--
--Output from testEdit--
--Output from testUpdate--
]]></system-err>

  </testsuite>
  <testsuite errors="0" failures="0" hostname="stage" id="7" name="ReservationTests" package="biblioj" tests="4" time="0.792" timestamp="2014-04-22T08:29:41">
      <properties />

      <testcase classname="biblioj.ReservationTests" name="testNullable" time="0.083" />

      <testcase classname="biblioj.ReservationTests" name="testCode" time="0.027" />

      <testcase classname="biblioj.ReservationTests" name="testDateReservation" time="0.044" />

      <testcase classname="biblioj.ReservationTests" name="testUnique" time="0.441" />

      <system-out><![CDATA[--Output from testNullable--
--Output from testCode--
--Output from testDateReservation--
--Output from testUnique--
]]></system-out>

      <system-err><![CDATA[--Output from testNullable--
--Output from testCode--
--Output from testDateReservation--
--Output from testUnique--
]]></system-err>

  </testsuite>
  <testsuite errors="0" failures="1" hostname="stage" id="8" name="TypeDocumentControllerTests" package="biblioj" tests="8" time="1.477" timestamp="2014-04-22T08:29:42">
      <properties />

      <testcase classname="biblioj.TypeDocumentControllerTests" name="testIndex" time="0.544" />

      <testcase classname="biblioj.TypeDocumentControllerTests" name="testList" time="0.088" />

      <testcase classname="biblioj.TypeDocumentControllerTests" name="testCreate" time="0.092" />

      <testcase classname="biblioj.TypeDocumentControllerTests" name="testSave" time="0.278" />

      <testcase classname="biblioj.TypeDocumentControllerTests" name="testDelete" time="0.144" />

      <testcase classname="biblioj.TypeDocumentControllerTests" name="testShow" time="0.103" />

      <testcase classname="biblioj.TypeDocumentControllerTests" name="testEdit" time="0.096" />

      <testcase classname="biblioj.TypeDocumentControllerTests" name="testUpdate" time="0.091">
          <failure message="Assertion failed: &#xa;&#xa;assert view == &quot;/typeDocument/edit&quot;&#xa;       |    |&#xa;       null false&#xa;" type="junit.framework.AssertionFailedError">junit.framework.AssertionFailedError: Assertion failed: 

assert view == &quot;/typeDocument/edit&quot;
       |    |
       null false

	at biblioj.TypeDocumentControllerTests.testUpdate(TypeDocumentControllerTests.groovy:114)
</failure>

      </testcase>

      <system-out><![CDATA[--Output from testIndex--
--Output from testList--
--Output from testCreate--
--Output from testSave--
--Output from testDelete--
--Output from testShow--
--Output from testEdit--
--Output from testUpdate--
]]></system-out>

      <system-err><![CDATA[--Output from testIndex--
--Output from testList--
--Output from testCreate--
--Output from testSave--
--Output from testDelete--
--Output from testShow--
--Output from testEdit--
--Output from testUpdate--
]]></system-err>

  </testsuite>
  <testsuite errors="0" failures="0" hostname="stage" id="9" name="TypeDocumentTests" package="biblioj" tests="3" time="0.865" timestamp="2014-04-22T08:29:37">
      <properties />

      <testcase classname="biblioj.TypeDocumentTests" name="testIntitul" time="0.512" />

      <testcase classname="biblioj.TypeDocumentTests" name="testBlank" time="0.059" />

      <testcase classname="biblioj.TypeDocumentTests" name="testToString" time="0.068" />

      <system-out><![CDATA[--Output from testIntitul--
--Output from testBlank--
--Output from testToString--
]]></system-out>

      <system-err><![CDATA[--Output from testIntitul--
--Output from testBlank--
--Output from testToString--
]]></system-err>

  </testsuite>
</testsuites>
