<?xml version="1.0" encoding="UTF-8" ?>
<testsuites>
  <testsuite errors="5" failures="0" hostname="stage" id="0" name="AuteurControllerTests" package="biblioj" tests="8" time="3.868" timestamp="2014-04-22T08:57:01">
      <properties />

      <testcase classname="biblioj.AuteurControllerTests" name="testIndex" time="1.306" />

      <testcase classname="biblioj.AuteurControllerTests" name="testList" time="1.168" />

      <testcase classname="biblioj.AuteurControllerTests" name="testShow" time="0.476" />

      <testcase classname="biblioj.AuteurControllerTests" name="testCreate" time="0.301">
          <error message="No signature of method: biblioj.AuteurController.create() is applicable for argument types: () values: []&#xa;Possible solutions: grep(), chain(java.util.Map), render(groovy.lang.Closure), render(java.lang.Object), render(java.lang.String), render(java.util.Map)" type="groovy.lang.MissingMethodException">groovy.lang.MissingMethodException: No signature of method: biblioj.AuteurController.create() is applicable for argument types: () values: []
Possible solutions: grep(), chain(java.util.Map), render(groovy.lang.Closure), render(java.lang.Object), render(java.lang.String), render(java.util.Map)
	at biblioj.AuteurControllerTests.testCreate(AuteurControllerTests.groovy:39)
</error>

      </testcase>

      <testcase classname="biblioj.AuteurControllerTests" name="testSave" time="0.106">
          <error message="No signature of method: biblioj.AuteurController.save() is applicable for argument types: () values: []&#xa;Possible solutions: wait(), show(), any(), wait(long), show(java.lang.Long), any(groovy.lang.Closure)" type="groovy.lang.MissingMethodException">groovy.lang.MissingMethodException: No signature of method: biblioj.AuteurController.save() is applicable for argument types: () values: []
Possible solutions: wait(), show(), any(), wait(long), show(java.lang.Long), any(groovy.lang.Closure)
	at biblioj.AuteurControllerTests.testSave(AuteurControllerTests.groovy:45)
</error>

      </testcase>

      <testcase classname="biblioj.AuteurControllerTests" name="testEdit" time="0.098">
          <error message="No signature of method: biblioj.AuteurController.edit() is applicable for argument types: () values: []&#xa;Possible solutions: wait(), wait(long), wait(long, int), list(), list(java.lang.Integer), with(groovy.lang.Closure)" type="groovy.lang.MissingMethodException">groovy.lang.MissingMethodException: No signature of method: biblioj.AuteurController.edit() is applicable for argument types: () values: []
Possible solutions: wait(), wait(long), wait(long, int), list(), list(java.lang.Integer), with(groovy.lang.Closure)
	at biblioj.AuteurControllerTests.testEdit(AuteurControllerTests.groovy:79)
</error>

      </testcase>

      <testcase classname="biblioj.AuteurControllerTests" name="testUpdate" time="0.14">
          <error message="No signature of method: biblioj.AuteurController.update() is applicable for argument types: () values: []&#xa;Possible solutions: putAt(java.lang.String, java.lang.Object), split(groovy.lang.Closure), isCase(java.lang.Object), use([Ljava.lang.Object;), use(java.lang.Class, groovy.lang.Closure), use(java.util.List, groovy.lang.Closure)" type="groovy.lang.MissingMethodException">groovy.lang.MissingMethodException: No signature of method: biblioj.AuteurController.update() is applicable for argument types: () values: []
Possible solutions: putAt(java.lang.String, java.lang.Object), split(groovy.lang.Closure), isCase(java.lang.Object), use([Ljava.lang.Object;), use(java.lang.Class, groovy.lang.Closure), use(java.util.List, groovy.lang.Closure)
	at biblioj.AuteurControllerTests.testUpdate(AuteurControllerTests.groovy:97)
</error>

      </testcase>

      <testcase classname="biblioj.AuteurControllerTests" name="testDelete" time="0.096">
          <error message="No signature of method: biblioj.AuteurController.delete() is applicable for argument types: () values: []&#xa;Possible solutions: sleep(long), sleep(long, groovy.lang.Closure), every(), every(groovy.lang.Closure), split(groovy.lang.Closure), getAt(java.lang.String)" type="groovy.lang.MissingMethodException">groovy.lang.MissingMethodException: No signature of method: biblioj.AuteurController.delete() is applicable for argument types: () values: []
Possible solutions: sleep(long), sleep(long, groovy.lang.Closure), every(), every(groovy.lang.Closure), split(groovy.lang.Closure), getAt(java.lang.String)
	at biblioj.AuteurControllerTests.testDelete(AuteurControllerTests.groovy:142)
</error>

      </testcase>

      <system-out><![CDATA[--Output from testIndex--
--Output from testList--
--Output from testShow--
--Output from testCreate--
--Output from testSave--
--Output from testEdit--
--Output from testUpdate--
--Output from testDelete--
]]></system-out>

      <system-err><![CDATA[--Output from testIndex--
--Output from testList--
--Output from testShow--
--Output from testCreate--
--Output from testSave--
--Output from testEdit--
--Output from testUpdate--
--Output from testDelete--
]]></system-err>

  </testsuite>
  <testsuite errors="0" failures="0" hostname="stage" id="1" name="AuteurTests" package="biblioj" tests="4" time="0.406" timestamp="2014-04-22T08:57:09">
      <properties />

      <testcase classname="biblioj.AuteurTests" name="testToString" time="0.112" />

      <testcase classname="biblioj.AuteurTests" name="testNom" time="0.02" />

      <testcase classname="biblioj.AuteurTests" name="testPrenom" time="0.02" />

      <testcase classname="biblioj.AuteurTests" name="testBlanks" time="0.035" />

      <system-out><![CDATA[--Output from testToString--
--Output from testNom--
--Output from testPrenom--
--Output from testBlanks--
]]></system-out>

      <system-err><![CDATA[--Output from testToString--
--Output from testNom--
--Output from testPrenom--
--Output from testBlanks--
]]></system-err>

  </testsuite>
  <testsuite errors="0" failures="1" hostname="stage" id="2" name="CartControllerTests" package="biblioj" tests="1" time="4.838" timestamp="2014-04-22T08:56:56">
      <properties />

      <testcase classname="biblioj.CartControllerTests" name="testSomething" time="3.959">
          <failure message="junit.framework.AssertionFailedError: Implement me" type="junit.framework.AssertionFailedError">junit.framework.AssertionFailedError: junit.framework.AssertionFailedError: Implement me
	at biblioj.CartControllerTests.testSomething(CartControllerTests.groovy:15)
</failure>

      </testcase>

      <system-out><![CDATA[--Output from testSomething--
]]></system-out>

      <system-err><![CDATA[--Output from testSomething--
]]></system-err>

  </testsuite>
  <testsuite errors="0" failures="5" hostname="stage" id="3" name="LivreControllerTests" package="biblioj" tests="8" time="3.188" timestamp="2014-04-22T08:57:05">
      <properties />

      <testcase classname="biblioj.LivreControllerTests" name="testIndex" time="0.424" />

      <testcase classname="biblioj.LivreControllerTests" name="testList" time="0.143" />

      <testcase classname="biblioj.LivreControllerTests" name="testShow" time="0.206">
          <failure message="Assertion failed: &#xa;&#xa;assert livre.save() != null&#xa;       |     |      |&#xa;       |     null   false&#xa;       Hunger games, nombre d&apos;exemplaire : 3&#xa;" type="junit.framework.AssertionFailedError">junit.framework.AssertionFailedError: Assertion failed: 

assert livre.save() != null
       |     |      |
       |     null   false
       Hunger games, nombre d&apos;exemplaire : 3

	at biblioj.LivreControllerTests.testShow(LivreControllerTests.groovy:74)
</failure>

      </testcase>

      <testcase classname="biblioj.LivreControllerTests" name="testCreate" time="0.106" />

      <testcase classname="biblioj.LivreControllerTests" name="testSave" time="1.757">
          <failure message="Assertion failed: &#xa;&#xa;assert response.redirectedUrl == &apos;/livre/show/1&apos;&#xa;       |        |             |&#xa;       |        null          false&#xa;       org.codehaus.groovy.grails.plugins.testing.GrailsMockHttpServletResponse@7953ef&#xa;" type="junit.framework.AssertionFailedError">junit.framework.AssertionFailedError: Assertion failed: 

assert response.redirectedUrl == &apos;/livre/show/1&apos;
       |        |             |
       |        null          false
       org.codehaus.groovy.grails.plugins.testing.GrailsMockHttpServletResponse@7953ef

	at biblioj.LivreControllerTests.testSave(LivreControllerTests.groovy:60)
</failure>

      </testcase>

      <testcase classname="biblioj.LivreControllerTests" name="testEdit" time="0.108">
          <failure message="Assertion failed: &#xa;&#xa;assert livre.save() != null&#xa;       |     |      |&#xa;       |     null   false&#xa;       Hunger games, nombre d&apos;exemplaire : 3&#xa;" type="junit.framework.AssertionFailedError">junit.framework.AssertionFailedError: Assertion failed: 

assert livre.save() != null
       |     |      |
       |     null   false
       Hunger games, nombre d&apos;exemplaire : 3

	at biblioj.LivreControllerTests.testEdit(LivreControllerTests.groovy:92)
</failure>

      </testcase>

      <testcase classname="biblioj.LivreControllerTests" name="testUpdate" time="0.155">
          <failure message="Assertion failed: &#xa;&#xa;assert livre.save() != null&#xa;       |     |      |&#xa;       |     null   false&#xa;       Hunger games, nombre d&apos;exemplaire : 3&#xa;" type="junit.framework.AssertionFailedError">junit.framework.AssertionFailedError: Assertion failed: 

assert livre.save() != null
       |     |      |
       |     null   false
       Hunger games, nombre d&apos;exemplaire : 3

	at biblioj.LivreControllerTests.testUpdate(LivreControllerTests.groovy:112)
</failure>

      </testcase>

      <testcase classname="biblioj.LivreControllerTests" name="testDelete" time="0.133">
          <failure message="Assertion failed: &#xa;&#xa;assert livre.save() != null&#xa;       |     |      |&#xa;       |     null   false&#xa;       Hunger games, nombre d&apos;exemplaire : 3&#xa;" type="junit.framework.AssertionFailedError">junit.framework.AssertionFailedError: Assertion failed: 

assert livre.save() != null
       |     |      |
       |     null   false
       Hunger games, nombre d&apos;exemplaire : 3

	at biblioj.LivreControllerTests.testDelete(LivreControllerTests.groovy:156)
</failure>

      </testcase>

      <system-out><![CDATA[--Output from testIndex--
--Output from testList--
--Output from testShow--
--Output from testCreate--
--Output from testSave--
--Output from testEdit--
--Output from testUpdate--
--Output from testDelete--
]]></system-out>

      <system-err><![CDATA[--Output from testIndex--
--Output from testList--
--Output from testShow--
--Output from testCreate--
--Output from testSave--
--Output from testEdit--
--Output from testUpdate--
--Output from testDelete--
]]></system-err>

  </testsuite>
  <testsuite errors="0" failures="1" hostname="stage" id="4" name="LivreServiceTests" package="biblioj" tests="1" time="0.185" timestamp="2014-04-22T08:57:08">
      <properties />

      <testcase classname="biblioj.LivreServiceTests" name="testSomething" time="0.046">
          <failure message="junit.framework.AssertionFailedError: Implement me" type="junit.framework.AssertionFailedError">junit.framework.AssertionFailedError: junit.framework.AssertionFailedError: Implement me
	at biblioj.LivreServiceTests.testSomething(LivreServiceTests.groovy:15)
</failure>

      </testcase>

      <system-out><![CDATA[--Output from testSomething--
]]></system-out>

      <system-err><![CDATA[--Output from testSomething--
]]></system-err>

  </testsuite>
  <testsuite errors="0" failures="0" hostname="stage" id="5" name="LivreTests" package="biblioj" tests="7" time="0.444" timestamp="2014-04-22T08:57:09">
      <properties />

      <testcase classname="biblioj.LivreTests" name="testBlank" time="0.148" />

      <testcase classname="biblioj.LivreTests" name="testToString" time="0.028" />

      <testcase classname="biblioj.LivreTests" name="testTitre" time="0.019" />

      <testcase classname="biblioj.LivreTests" name="testNombreExemplaires" time="0.018" />

      <testcase classname="biblioj.LivreTests" name="testNombreExemplairesDisponibles" time="0.017" />

      <testcase classname="biblioj.LivreTests" name="testNullable" time="0.024" />

      <testcase classname="biblioj.LivreTests" name="testType" time="0.019" />

      <system-out><![CDATA[--Output from testBlank--
--Output from testToString--
--Output from testTitre--
--Output from testNombreExemplaires--
--Output from testNombreExemplairesDisponibles--
--Output from testNullable--
--Output from testType--
]]></system-out>

      <system-err><![CDATA[--Output from testBlank--
--Output from testToString--
--Output from testTitre--
--Output from testNombreExemplaires--
--Output from testNombreExemplairesDisponibles--
--Output from testNullable--
--Output from testType--
]]></system-err>

  </testsuite>
  <testsuite errors="0" failures="1" hostname="stage" id="6" name="ReservationControllerTests" package="biblioj" tests="8" time="1.421" timestamp="2014-04-22T08:57:09">
      <properties />

      <testcase classname="biblioj.ReservationControllerTests" name="testIndex" time="0.353" />

      <testcase classname="biblioj.ReservationControllerTests" name="testList" time="0.088" />

      <testcase classname="biblioj.ReservationControllerTests" name="testShow" time="0.405" />

      <testcase classname="biblioj.ReservationControllerTests" name="testCreate" time="0.073" />

      <testcase classname="biblioj.ReservationControllerTests" name="testSave" time="0.091" />

      <testcase classname="biblioj.ReservationControllerTests" name="testEdit" time="0.09" />

      <testcase classname="biblioj.ReservationControllerTests" name="testUpdate" time="0.092">
          <failure message="Assertion failed: &#xa;&#xa;assert view == &quot;/reservation/edit&quot;&#xa;       |    |&#xa;       null false&#xa;" type="junit.framework.AssertionFailedError">junit.framework.AssertionFailedError: Assertion failed: 

assert view == &quot;/reservation/edit&quot;
       |    |
       null false

	at biblioj.ReservationControllerTests.testUpdate(ReservationControllerTests.groovy:118)
</failure>

      </testcase>

      <testcase classname="biblioj.ReservationControllerTests" name="testDelete" time="0.101" />

      <system-out><![CDATA[--Output from testIndex--
--Output from testList--
--Output from testShow--
--Output from testCreate--
--Output from testSave--
--Output from testEdit--
--Output from testUpdate--
--Output from testDelete--
]]></system-out>

      <system-err><![CDATA[--Output from testIndex--
--Output from testList--
--Output from testShow--
--Output from testCreate--
--Output from testSave--
--Output from testEdit--
--Output from testUpdate--
--Output from testDelete--
]]></system-err>

  </testsuite>
  <testsuite errors="0" failures="0" hostname="stage" id="7" name="ReservationTests" package="biblioj" tests="4" time="0.382" timestamp="2014-04-22T08:57:11">
      <properties />

      <testcase classname="biblioj.ReservationTests" name="testNullable" time="0.078" />

      <testcase classname="biblioj.ReservationTests" name="testCode" time="0.018" />

      <testcase classname="biblioj.ReservationTests" name="testDateReservation" time="0.03" />

      <testcase classname="biblioj.ReservationTests" name="testUnique" time="0.093" />

      <system-out><![CDATA[--Output from testNullable--
--Output from testCode--
--Output from testDateReservation--
--Output from testUnique--
]]></system-out>

      <system-err><![CDATA[--Output from testNullable--
--Output from testCode--
--Output from testDateReservation--
--Output from testUnique--
]]></system-err>

  </testsuite>
  <testsuite errors="0" failures="1" hostname="stage" id="8" name="TypeDocumentControllerTests" package="biblioj" tests="8" time="0.977" timestamp="2014-04-22T08:57:11">
      <properties />

      <testcase classname="biblioj.TypeDocumentControllerTests" name="testIndex" time="0.326" />

      <testcase classname="biblioj.TypeDocumentControllerTests" name="testList" time="0.075" />

      <testcase classname="biblioj.TypeDocumentControllerTests" name="testShow" time="0.11" />

      <testcase classname="biblioj.TypeDocumentControllerTests" name="testCreate" time="0.082" />

      <testcase classname="biblioj.TypeDocumentControllerTests" name="testSave" time="0.102" />

      <testcase classname="biblioj.TypeDocumentControllerTests" name="testEdit" time="0.078" />

      <testcase classname="biblioj.TypeDocumentControllerTests" name="testUpdate" time="0.103">
          <failure message="Assertion failed: &#xa;&#xa;assert view == &quot;/typeDocument/edit&quot;&#xa;       |    |&#xa;       null false&#xa;" type="junit.framework.AssertionFailedError">junit.framework.AssertionFailedError: Assertion failed: 

assert view == &quot;/typeDocument/edit&quot;
       |    |
       null false

	at biblioj.TypeDocumentControllerTests.testUpdate(TypeDocumentControllerTests.groovy:114)
</failure>

      </testcase>

      <testcase classname="biblioj.TypeDocumentControllerTests" name="testDelete" time="0.075" />

      <system-out><![CDATA[--Output from testIndex--
--Output from testList--
--Output from testShow--
--Output from testCreate--
--Output from testSave--
--Output from testEdit--
--Output from testUpdate--
--Output from testDelete--
]]></system-out>

      <system-err><![CDATA[--Output from testIndex--
--Output from testList--
--Output from testShow--
--Output from testCreate--
--Output from testSave--
--Output from testEdit--
--Output from testUpdate--
--Output from testDelete--
]]></system-err>

  </testsuite>
  <testsuite errors="0" failures="0" hostname="stage" id="9" name="TypeDocumentTests" package="biblioj" tests="3" time="0.417" timestamp="2014-04-22T08:57:08">
      <properties />

      <testcase classname="biblioj.TypeDocumentTests" name="testIntitul" time="0.22" />

      <testcase classname="biblioj.TypeDocumentTests" name="testBlank" time="0.051" />

      <testcase classname="biblioj.TypeDocumentTests" name="testToString" time="0.02" />

      <system-out><![CDATA[--Output from testIntitul--
--Output from testBlank--
--Output from testToString--
]]></system-out>

      <system-err><![CDATA[--Output from testIntitul--
--Output from testBlank--
--Output from testToString--
]]></system-err>

  </testsuite>
</testsuites>
