<!DOCTYPE html><html xmlns:lxslt="http://xml.apache.org/xslt" xmlns:stringutils="xalan://org.apache.tools.ant.util.StringUtils">
<head>
<META http-equiv="Content-Type" content="text/html; charset=utf-8">
<title>
        Unit Test Results
     - Failed tests</title>
<link href="stylesheet.css" rel="stylesheet" type="text/css">
</head>
<body>
<div id="report" class="container container_8">
<div class="grid_6 alpha">
<div class="grailslogo"></div>
<h1>
        Unit Test Results
     - Failed tests</h1>
<p class="intro">
                        Executed
                        52
                        tests
                    
                        with
                        5 errors

                        and
                        9 failures
                        .
                    </p>
</div>
<div class="grid_2 omega">
<nav id="navigationlinks">
<p>
<a href="failed.html">
                    Tests with failure and errors
                </a>
</p>
<p>
<a href="index.html">
                    Package summary
                </a>
</p>
<p>
<a href="all.html">
                    Show all tests
                </a>
</p>
</nav>
</div>
<div class="clear"></div>
<div class="testsuite error">
<div class="header">
<h2>AuteurControllerTests</h2>
<h3>
                        Executed
                        8
                        tests
                    
                        with
                        5 errors
                        .
                    </h3>
</div>
<div class="testcase clearfix success grid_8 alpha omega" data-name="testIndex">
<div class="grid_3 alpha">
<p>
<span class="icon success"></span><b class="testname message success">testIndex</b>
</p>
<p class="summary">Executed in 1.306 seconds.</p>
</div>
<div class="grid_5 omega outputinfo"></div>
<div class="clear"></div>
</div>
<div class="testcase clearfix success grid_8 alpha omega" data-name="testList">
<div class="grid_3 alpha">
<p>
<span class="icon success"></span><b class="testname message success">testList</b>
</p>
<p class="summary">Executed in 1.168 seconds.</p>
</div>
<div class="grid_5 omega outputinfo"></div>
<div class="clear"></div>
</div>
<div class="testcase clearfix success grid_8 alpha omega" data-name="testShow">
<div class="grid_3 alpha">
<p>
<span class="icon success"></span><b class="testname message success">testShow</b>
</p>
<p class="summary">Executed in 0.476 seconds.</p>
</div>
<div class="grid_5 omega outputinfo"></div>
<div class="clear"></div>
</div>
<div class="testcase clearfix error grid_8 alpha omega" data-name="testCreate">
<div class="grid_3 alpha">
<p>
<span class="icon error"></span><b class="testname message error">testCreate</b>
</p>
<p class="summary">Executed in 0.301 seconds.</p>
</div>
<div class="grid_5 omega outputinfo">
<div class="details">
<p>
<b class="message">No signature of method: biblioj.AuteurController.create() is applicable for argument types: () values: []
Possible solutions: grep(), chain(java.util.Map), render(groovy.lang.Closure), render(java.lang.Object), render(java.lang.String), render(java.util.Map)</b>
</p>
<pre>groovy.lang.MissingMethodException: No signature of method: biblioj.AuteurController.create() is applicable for argument types: () values: []
Possible solutions: grep(), chain(java.util.Map), render(groovy.lang.Closure), render(java.lang.Object), render(java.lang.String), render(java.util.Map)
	at biblioj.AuteurControllerTests.testCreate(AuteurControllerTests.groovy:39)
</pre>
</div>
</div>
<div class="clear"></div>
</div>
<div class="testcase clearfix error grid_8 alpha omega" data-name="testSave">
<div class="grid_3 alpha">
<p>
<span class="icon error"></span><b class="testname message error">testSave</b>
</p>
<p class="summary">Executed in 0.106 seconds.</p>
</div>
<div class="grid_5 omega outputinfo">
<div class="details">
<p>
<b class="message">No signature of method: biblioj.AuteurController.save() is applicable for argument types: () values: []
Possible solutions: wait(), show(), any(), wait(long), show(java.lang.Long), any(groovy.lang.Closure)</b>
</p>
<pre>groovy.lang.MissingMethodException: No signature of method: biblioj.AuteurController.save() is applicable for argument types: () values: []
Possible solutions: wait(), show(), any(), wait(long), show(java.lang.Long), any(groovy.lang.Closure)
	at biblioj.AuteurControllerTests.testSave(AuteurControllerTests.groovy:45)
</pre>
</div>
</div>
<div class="clear"></div>
</div>
<div class="testcase clearfix error grid_8 alpha omega" data-name="testEdit">
<div class="grid_3 alpha">
<p>
<span class="icon error"></span><b class="testname message error">testEdit</b>
</p>
<p class="summary">Executed in 0.098 seconds.</p>
</div>
<div class="grid_5 omega outputinfo">
<div class="details">
<p>
<b class="message">No signature of method: biblioj.AuteurController.edit() is applicable for argument types: () values: []
Possible solutions: wait(), wait(long), wait(long, int), list(), list(java.lang.Integer), with(groovy.lang.Closure)</b>
</p>
<pre>groovy.lang.MissingMethodException: No signature of method: biblioj.AuteurController.edit() is applicable for argument types: () values: []
Possible solutions: wait(), wait(long), wait(long, int), list(), list(java.lang.Integer), with(groovy.lang.Closure)
	at biblioj.AuteurControllerTests.testEdit(AuteurControllerTests.groovy:79)
</pre>
</div>
</div>
<div class="clear"></div>
</div>
<div class="testcase clearfix error grid_8 alpha omega" data-name="testUpdate">
<div class="grid_3 alpha">
<p>
<span class="icon error"></span><b class="testname message error">testUpdate</b>
</p>
<p class="summary">Executed in 0.14 seconds.</p>
</div>
<div class="grid_5 omega outputinfo">
<div class="details">
<p>
<b class="message">No signature of method: biblioj.AuteurController.update() is applicable for argument types: () values: []
Possible solutions: putAt(java.lang.String, java.lang.Object), split(groovy.lang.Closure), isCase(java.lang.Object), use([Ljava.lang.Object;), use(java.lang.Class, groovy.lang.Closure), use(java.util.List, groovy.lang.Closure)</b>
</p>
<pre>groovy.lang.MissingMethodException: No signature of method: biblioj.AuteurController.update() is applicable for argument types: () values: []
Possible solutions: putAt(java.lang.String, java.lang.Object), split(groovy.lang.Closure), isCase(java.lang.Object), use([Ljava.lang.Object;), use(java.lang.Class, groovy.lang.Closure), use(java.util.List, groovy.lang.Closure)
	at biblioj.AuteurControllerTests.testUpdate(AuteurControllerTests.groovy:97)
</pre>
</div>
</div>
<div class="clear"></div>
</div>
<div class="testcase clearfix error grid_8 alpha omega" data-name="testDelete">
<div class="grid_3 alpha">
<p>
<span class="icon error"></span><b class="testname message error">testDelete</b>
</p>
<p class="summary">Executed in 0.096 seconds.</p>
</div>
<div class="grid_5 omega outputinfo">
<div class="details">
<p>
<b class="message">No signature of method: biblioj.AuteurController.delete() is applicable for argument types: () values: []
Possible solutions: sleep(long), sleep(long, groovy.lang.Closure), every(), every(groovy.lang.Closure), split(groovy.lang.Closure), getAt(java.lang.String)</b>
</p>
<pre>groovy.lang.MissingMethodException: No signature of method: biblioj.AuteurController.delete() is applicable for argument types: () values: []
Possible solutions: sleep(long), sleep(long, groovy.lang.Closure), every(), every(groovy.lang.Closure), split(groovy.lang.Closure), getAt(java.lang.String)
	at biblioj.AuteurControllerTests.testDelete(AuteurControllerTests.groovy:142)
</pre>
</div>
</div>
<div class="clear"></div>
</div>
<div class="clearfix output footer">
<div class="sysout">
<h2>Standard output</h2>
<pre class="stdout">--Output from testIndex--
--Output from testList--
--Output from testShow--
--Output from testCreate--
--Output from testSave--
--Output from testEdit--
--Output from testUpdate--
--Output from testDelete--
</pre>
</div>
<div class="syserr">
<h2>System error</h2>
<pre class="syserr">--Output from testIndex--
--Output from testList--
--Output from testShow--
--Output from testCreate--
--Output from testSave--
--Output from testEdit--
--Output from testUpdate--
--Output from testDelete--
</pre>
</div>
</div>
<div class="clear"></div>
</div>
<div class="testsuite failure">
<div class="header">
<h2>LivreControllerTests</h2>
<h3>
                        Executed
                        8
                        tests
                    
                        with
                        5 failures
                        .
                    </h3>
</div>
<div class="testcase clearfix success grid_8 alpha omega" data-name="testIndex">
<div class="grid_3 alpha">
<p>
<span class="icon success"></span><b class="testname message success">testIndex</b>
</p>
<p class="summary">Executed in 0.424 seconds.</p>
</div>
<div class="grid_5 omega outputinfo"></div>
<div class="clear"></div>
</div>
<div class="testcase clearfix success grid_8 alpha omega" data-name="testList">
<div class="grid_3 alpha">
<p>
<span class="icon success"></span><b class="testname message success">testList</b>
</p>
<p class="summary">Executed in 0.143 seconds.</p>
</div>
<div class="grid_5 omega outputinfo"></div>
<div class="clear"></div>
</div>
<div class="testcase clearfix failure grid_8 alpha omega" data-name="testShow">
<div class="grid_3 alpha">
<p>
<span class="icon failure"></span><b class="testname message failure">testShow</b>
</p>
<p class="summary">Executed in 0.206 seconds.</p>
</div>
<div class="grid_5 omega outputinfo">
<div class="details">
<p>
<b class="message">Assertion failed: 

assert livre.save() != null
       |     |      |
       |     null   false
       Hunger games, nombre d'exemplaire : 3
</b>
</p>
<pre>junit.framework.AssertionFailedError: Assertion failed: 

assert livre.save() != null
       |     |      |
       |     null   false
       Hunger games, nombre d'exemplaire : 3

	at biblioj.LivreControllerTests.testShow(LivreControllerTests.groovy:74)
</pre>
</div>
</div>
<div class="clear"></div>
</div>
<div class="testcase clearfix success grid_8 alpha omega" data-name="testCreate">
<div class="grid_3 alpha">
<p>
<span class="icon success"></span><b class="testname message success">testCreate</b>
</p>
<p class="summary">Executed in 0.106 seconds.</p>
</div>
<div class="grid_5 omega outputinfo"></div>
<div class="clear"></div>
</div>
<div class="testcase clearfix failure grid_8 alpha omega" data-name="testSave">
<div class="grid_3 alpha">
<p>
<span class="icon failure"></span><b class="testname message failure">testSave</b>
</p>
<p class="summary">Executed in 1.757 seconds.</p>
</div>
<div class="grid_5 omega outputinfo">
<div class="details">
<p>
<b class="message">Assertion failed: 

assert response.redirectedUrl == '/livre/show/1'
       |        |             |
       |        null          false
       org.codehaus.groovy.grails.plugins.testing.GrailsMockHttpServletResponse@7953ef
</b>
</p>
<pre>junit.framework.AssertionFailedError: Assertion failed: 

assert response.redirectedUrl == '/livre/show/1'
       |        |             |
       |        null          false
       org.codehaus.groovy.grails.plugins.testing.GrailsMockHttpServletResponse@7953ef

	at biblioj.LivreControllerTests.testSave(LivreControllerTests.groovy:60)
</pre>
</div>
</div>
<div class="clear"></div>
</div>
<div class="testcase clearfix failure grid_8 alpha omega" data-name="testEdit">
<div class="grid_3 alpha">
<p>
<span class="icon failure"></span><b class="testname message failure">testEdit</b>
</p>
<p class="summary">Executed in 0.108 seconds.</p>
</div>
<div class="grid_5 omega outputinfo">
<div class="details">
<p>
<b class="message">Assertion failed: 

assert livre.save() != null
       |     |      |
       |     null   false
       Hunger games, nombre d'exemplaire : 3
</b>
</p>
<pre>junit.framework.AssertionFailedError: Assertion failed: 

assert livre.save() != null
       |     |      |
       |     null   false
       Hunger games, nombre d'exemplaire : 3

	at biblioj.LivreControllerTests.testEdit(LivreControllerTests.groovy:92)
</pre>
</div>
</div>
<div class="clear"></div>
</div>
<div class="testcase clearfix failure grid_8 alpha omega" data-name="testUpdate">
<div class="grid_3 alpha">
<p>
<span class="icon failure"></span><b class="testname message failure">testUpdate</b>
</p>
<p class="summary">Executed in 0.155 seconds.</p>
</div>
<div class="grid_5 omega outputinfo">
<div class="details">
<p>
<b class="message">Assertion failed: 

assert livre.save() != null
       |     |      |
       |     null   false
       Hunger games, nombre d'exemplaire : 3
</b>
</p>
<pre>junit.framework.AssertionFailedError: Assertion failed: 

assert livre.save() != null
       |     |      |
       |     null   false
       Hunger games, nombre d'exemplaire : 3

	at biblioj.LivreControllerTests.testUpdate(LivreControllerTests.groovy:112)
</pre>
</div>
</div>
<div class="clear"></div>
</div>
<div class="testcase clearfix failure grid_8 alpha omega" data-name="testDelete">
<div class="grid_3 alpha">
<p>
<span class="icon failure"></span><b class="testname message failure">testDelete</b>
</p>
<p class="summary">Executed in 0.133 seconds.</p>
</div>
<div class="grid_5 omega outputinfo">
<div class="details">
<p>
<b class="message">Assertion failed: 

assert livre.save() != null
       |     |      |
       |     null   false
       Hunger games, nombre d'exemplaire : 3
</b>
</p>
<pre>junit.framework.AssertionFailedError: Assertion failed: 

assert livre.save() != null
       |     |      |
       |     null   false
       Hunger games, nombre d'exemplaire : 3

	at biblioj.LivreControllerTests.testDelete(LivreControllerTests.groovy:156)
</pre>
</div>
</div>
<div class="clear"></div>
</div>
<div class="clearfix output footer">
<div class="sysout">
<h2>Standard output</h2>
<pre class="stdout">--Output from testIndex--
--Output from testList--
--Output from testShow--
--Output from testCreate--
--Output from testSave--
--Output from testEdit--
--Output from testUpdate--
--Output from testDelete--
</pre>
</div>
<div class="syserr">
<h2>System error</h2>
<pre class="syserr">--Output from testIndex--
--Output from testList--
--Output from testShow--
--Output from testCreate--
--Output from testSave--
--Output from testEdit--
--Output from testUpdate--
--Output from testDelete--
</pre>
</div>
</div>
<div class="clear"></div>
</div>
<div class="testsuite failure">
<div class="header">
<h2>CartControllerTests</h2>
<h3>
                        A single test executed
                    
                        with
                        one failure
                        .
                    </h3>
</div>
<div class="testcase clearfix failure grid_8 alpha omega" data-name="testSomething">
<div class="grid_3 alpha">
<p>
<span class="icon failure"></span><b class="testname message failure">testSomething</b>
</p>
<p class="summary">Executed in 3.959 seconds.</p>
</div>
<div class="grid_5 omega outputinfo">
<div class="details">
<p>
<b class="message">junit.framework.AssertionFailedError: Implement me</b>
</p>
<pre>junit.framework.AssertionFailedError: junit.framework.AssertionFailedError: Implement me
	at biblioj.CartControllerTests.testSomething(CartControllerTests.groovy:15)
</pre>
</div>
</div>
<div class="clear"></div>
</div>
<div class="clearfix output footer">
<div class="sysout">
<h2>Standard output</h2>
<pre class="stdout">--Output from testSomething--
</pre>
</div>
<div class="syserr">
<h2>System error</h2>
<pre class="syserr">--Output from testSomething--
</pre>
</div>
</div>
<div class="clear"></div>
</div>
<div class="testsuite failure">
<div class="header">
<h2>LivreServiceTests</h2>
<h3>
                        A single test executed
                    
                        with
                        one failure
                        .
                    </h3>
</div>
<div class="testcase clearfix failure grid_8 alpha omega" data-name="testSomething">
<div class="grid_3 alpha">
<p>
<span class="icon failure"></span><b class="testname message failure">testSomething</b>
</p>
<p class="summary">Executed in 0.046 seconds.</p>
</div>
<div class="grid_5 omega outputinfo">
<div class="details">
<p>
<b class="message">junit.framework.AssertionFailedError: Implement me</b>
</p>
<pre>junit.framework.AssertionFailedError: junit.framework.AssertionFailedError: Implement me
	at biblioj.LivreServiceTests.testSomething(LivreServiceTests.groovy:15)
</pre>
</div>
</div>
<div class="clear"></div>
</div>
<div class="clearfix output footer">
<div class="sysout">
<h2>Standard output</h2>
<pre class="stdout">--Output from testSomething--
</pre>
</div>
<div class="syserr">
<h2>System error</h2>
<pre class="syserr">--Output from testSomething--
</pre>
</div>
</div>
<div class="clear"></div>
</div>
<div class="testsuite failure">
<div class="header">
<h2>ReservationControllerTests</h2>
<h3>
                        Executed
                        8
                        tests
                    
                        with
                        one failure
                        .
                    </h3>
</div>
<div class="testcase clearfix success grid_8 alpha omega" data-name="testIndex">
<div class="grid_3 alpha">
<p>
<span class="icon success"></span><b class="testname message success">testIndex</b>
</p>
<p class="summary">Executed in 0.353 seconds.</p>
</div>
<div class="grid_5 omega outputinfo"></div>
<div class="clear"></div>
</div>
<div class="testcase clearfix success grid_8 alpha omega" data-name="testList">
<div class="grid_3 alpha">
<p>
<span class="icon success"></span><b class="testname message success">testList</b>
</p>
<p class="summary">Executed in 0.088 seconds.</p>
</div>
<div class="grid_5 omega outputinfo"></div>
<div class="clear"></div>
</div>
<div class="testcase clearfix success grid_8 alpha omega" data-name="testShow">
<div class="grid_3 alpha">
<p>
<span class="icon success"></span><b class="testname message success">testShow</b>
</p>
<p class="summary">Executed in 0.405 seconds.</p>
</div>
<div class="grid_5 omega outputinfo"></div>
<div class="clear"></div>
</div>
<div class="testcase clearfix success grid_8 alpha omega" data-name="testCreate">
<div class="grid_3 alpha">
<p>
<span class="icon success"></span><b class="testname message success">testCreate</b>
</p>
<p class="summary">Executed in 0.073 seconds.</p>
</div>
<div class="grid_5 omega outputinfo"></div>
<div class="clear"></div>
</div>
<div class="testcase clearfix success grid_8 alpha omega" data-name="testSave">
<div class="grid_3 alpha">
<p>
<span class="icon success"></span><b class="testname message success">testSave</b>
</p>
<p class="summary">Executed in 0.091 seconds.</p>
</div>
<div class="grid_5 omega outputinfo"></div>
<div class="clear"></div>
</div>
<div class="testcase clearfix success grid_8 alpha omega" data-name="testEdit">
<div class="grid_3 alpha">
<p>
<span class="icon success"></span><b class="testname message success">testEdit</b>
</p>
<p class="summary">Executed in 0.09 seconds.</p>
</div>
<div class="grid_5 omega outputinfo"></div>
<div class="clear"></div>
</div>
<div class="testcase clearfix failure grid_8 alpha omega" data-name="testUpdate">
<div class="grid_3 alpha">
<p>
<span class="icon failure"></span><b class="testname message failure">testUpdate</b>
</p>
<p class="summary">Executed in 0.092 seconds.</p>
</div>
<div class="grid_5 omega outputinfo">
<div class="details">
<p>
<b class="message">Assertion failed: 

assert view == "/reservation/edit"
       |    |
       null false
</b>
</p>
<pre>junit.framework.AssertionFailedError: Assertion failed: 

assert view == "/reservation/edit"
       |    |
       null false

	at biblioj.ReservationControllerTests.testUpdate(ReservationControllerTests.groovy:118)
</pre>
</div>
</div>
<div class="clear"></div>
</div>
<div class="testcase clearfix success grid_8 alpha omega" data-name="testDelete">
<div class="grid_3 alpha">
<p>
<span class="icon success"></span><b class="testname message success">testDelete</b>
</p>
<p class="summary">Executed in 0.101 seconds.</p>
</div>
<div class="grid_5 omega outputinfo"></div>
<div class="clear"></div>
</div>
<div class="clearfix output footer">
<div class="sysout">
<h2>Standard output</h2>
<pre class="stdout">--Output from testIndex--
--Output from testList--
--Output from testShow--
--Output from testCreate--
--Output from testSave--
--Output from testEdit--
--Output from testUpdate--
--Output from testDelete--
</pre>
</div>
<div class="syserr">
<h2>System error</h2>
<pre class="syserr">--Output from testIndex--
--Output from testList--
--Output from testShow--
--Output from testCreate--
--Output from testSave--
--Output from testEdit--
--Output from testUpdate--
--Output from testDelete--
</pre>
</div>
</div>
<div class="clear"></div>
</div>
<div class="testsuite failure">
<div class="header">
<h2>TypeDocumentControllerTests</h2>
<h3>
                        Executed
                        8
                        tests
                    
                        with
                        one failure
                        .
                    </h3>
</div>
<div class="testcase clearfix success grid_8 alpha omega" data-name="testIndex">
<div class="grid_3 alpha">
<p>
<span class="icon success"></span><b class="testname message success">testIndex</b>
</p>
<p class="summary">Executed in 0.326 seconds.</p>
</div>
<div class="grid_5 omega outputinfo"></div>
<div class="clear"></div>
</div>
<div class="testcase clearfix success grid_8 alpha omega" data-name="testList">
<div class="grid_3 alpha">
<p>
<span class="icon success"></span><b class="testname message success">testList</b>
</p>
<p class="summary">Executed in 0.075 seconds.</p>
</div>
<div class="grid_5 omega outputinfo"></div>
<div class="clear"></div>
</div>
<div class="testcase clearfix success grid_8 alpha omega" data-name="testShow">
<div class="grid_3 alpha">
<p>
<span class="icon success"></span><b class="testname message success">testShow</b>
</p>
<p class="summary">Executed in 0.11 seconds.</p>
</div>
<div class="grid_5 omega outputinfo"></div>
<div class="clear"></div>
</div>
<div class="testcase clearfix success grid_8 alpha omega" data-name="testCreate">
<div class="grid_3 alpha">
<p>
<span class="icon success"></span><b class="testname message success">testCreate</b>
</p>
<p class="summary">Executed in 0.082 seconds.</p>
</div>
<div class="grid_5 omega outputinfo"></div>
<div class="clear"></div>
</div>
<div class="testcase clearfix success grid_8 alpha omega" data-name="testSave">
<div class="grid_3 alpha">
<p>
<span class="icon success"></span><b class="testname message success">testSave</b>
</p>
<p class="summary">Executed in 0.102 seconds.</p>
</div>
<div class="grid_5 omega outputinfo"></div>
<div class="clear"></div>
</div>
<div class="testcase clearfix success grid_8 alpha omega" data-name="testEdit">
<div class="grid_3 alpha">
<p>
<span class="icon success"></span><b class="testname message success">testEdit</b>
</p>
<p class="summary">Executed in 0.078 seconds.</p>
</div>
<div class="grid_5 omega outputinfo"></div>
<div class="clear"></div>
</div>
<div class="testcase clearfix failure grid_8 alpha omega" data-name="testUpdate">
<div class="grid_3 alpha">
<p>
<span class="icon failure"></span><b class="testname message failure">testUpdate</b>
</p>
<p class="summary">Executed in 0.103 seconds.</p>
</div>
<div class="grid_5 omega outputinfo">
<div class="details">
<p>
<b class="message">Assertion failed: 

assert view == "/typeDocument/edit"
       |    |
       null false
</b>
</p>
<pre>junit.framework.AssertionFailedError: Assertion failed: 

assert view == "/typeDocument/edit"
       |    |
       null false

	at biblioj.TypeDocumentControllerTests.testUpdate(TypeDocumentControllerTests.groovy:114)
</pre>
</div>
</div>
<div class="clear"></div>
</div>
<div class="testcase clearfix success grid_8 alpha omega" data-name="testDelete">
<div class="grid_3 alpha">
<p>
<span class="icon success"></span><b class="testname message success">testDelete</b>
</p>
<p class="summary">Executed in 0.075 seconds.</p>
</div>
<div class="grid_5 omega outputinfo"></div>
<div class="clear"></div>
</div>
<div class="clearfix output footer">
<div class="sysout">
<h2>Standard output</h2>
<pre class="stdout">--Output from testIndex--
--Output from testList--
--Output from testShow--
--Output from testCreate--
--Output from testSave--
--Output from testEdit--
--Output from testUpdate--
--Output from testDelete--
</pre>
</div>
<div class="syserr">
<h2>System error</h2>
<pre class="syserr">--Output from testIndex--
--Output from testList--
--Output from testShow--
--Output from testCreate--
--Output from testSave--
--Output from testEdit--
--Output from testUpdate--
--Output from testDelete--
</pre>
</div>
</div>
<div class="clear"></div>
</div>
<div class="clear"></div>
</div>
<!--
            Parses JUnit output and associates it with the corresponding test case
        -->
<script language="javascript">


/**
 * The JUnit report format is incredibly stuipd in the
 * sense that it accumulates output from all test methods
 * into a single xml node.
 */
(function() {

    var outputElements = findOutputElements();
    for (var i in outputElements) {
        var outputElement = outputElements[i];
        var textOutput = outputElement.element.firstChild.nodeValue;
        var header = outputElement.getHeader();
        appendTestMethodOutput(textOutput, header);
    }

    function findOutputElements() {
        var outputElements = [];
        var preElements = document.getElementsByTagName("pre");
        for (var i in preElements) {
            var preElement = preElements[i];
            var className = preElement.className || "";
            if (className.indexOf("stdout") >= 0) {
                var outputElement = new OutputElement(preElement, "output");
                outputElements.push(outputElement);
            } else if (className.indexOf("syserr") >= 0) {
                var outputElement = new OutputElement(preElement, "error");
                outputElements.push(outputElement);
            }
        }

        return outputElements;
    }

    function OutputElement(element, type) {
        this.element = element;
        this.type = type;

        this.getHeader = function() {
            if (type === "output") {
                return "System output";
            } else if ("error") {
                return "System error";
            }
        }
    }

    function appendTestMethodOutput(text, header) {
        var testOutput = new TestMethodOutput(header);

        var lines = text.split(/\r\n|\r|\n/);
        for (var i in lines) {
            var line = lines[i];
            var matches = line.match(/^--Output from (.*)--$/);
            if (matches !== null && matches.length == 2) {
                testOutput.flushToDom();
                testOutput.testName = matches[1];
            } else {
                testOutput.addLine(line);
            }
        }

        testOutput.flushToDom();
    }

    function TestMethodOutput(header) {
        this.header = header;
        this.testName = undefined;
        this.buffer = "";

        this.addLine = function(line) {
            this.buffer += line + "\n";
        }

        this.flushToDom = function() {
            if (this.testName !== undefined) {
                var domNode = getTestcaseElementByName(this.testName);
                if (domNode !== undefined && trimString(this.buffer).length > 0) {
                    this.appendTo(domNode);
                }

                this.reset();
            }
        }

        this.appendTo = function(domNode) {
            var node = document.createElement("div");
            node.innerHTML = '<p><b class="message">' + header + '</b></p>';

            var preNode = document.createElement("pre");
            preNode.appendChild(document.createTextNode(this.buffer));
            node.appendChild(preNode);

            var outputContainer = findElementByTagClassAndParent("div", "outputinfo", domNode);
            outputContainer.appendChild(node);
        }

        this.reset = function() {
            this.methodName = undefined;
            this.buffer = "";
        }
    }

    function getTestcaseElementByName(name) {
        var divElements = document.getElementsByTagName("div");
        var elementCount = divElements.length;
        for (var i=0; i<elementCount; i++) {
            var el = divElements[i];
            if (el.getAttribute("data-name") === name) {
                return el;
            }
        }
    }

    function findElementByTagClassAndParent(tagName, className, parentNode) {
        var elements = parentNode.getElementsByTagName(tagName);
        for (var i in elements) {
            var element = elements[i];

            // Not 100% correct, but good enough here
            if (element.className !== undefined && element.className.indexOf(className) >= 0) {
                return element;
            }
        }
    }

    function trimString(str) {
        return str.replace(/^\s\s*/, '').replace(/\s\s*$/, '');
    }

})();

        </script>
</body>
</html>
