Testsuite: biblioj.CartControllerTests
Tests run: 4, Failures: 0, Errors: 2, Time elapsed: 6,996 sec
------------- Standard Output ---------------
--Output from testRemove--
--Output from testAdd--
--Output from testIndex--
--Output from testList--
------------- ---------------- ---------------
------------- Standard Error -----------------
--Output from testRemove--
--Output from testAdd--
--Output from testIndex--
--Output from testList--
------------- ---------------- ---------------

Testcase: testRemove took 4,44 sec
	Caused an ERROR
Cannot cast object 'null' with class 'null' to class 'int'. Try 'java.lang.Integer' instead
org.codehaus.groovy.runtime.typehandling.GroovyCastException: Cannot cast object 'null' with class 'null' to class 'int'. Try 'java.lang.Integer' instead
	at biblioj.CartController.remove(CartController.groovy:34)
	at biblioj.CartControllerTests.testRemove(CartControllerTests.groovy:54)

Testcase: testAdd took 0,23 sec
	Caused an ERROR
No signature of method: biblioj.Livre.get() is applicable for argument types: () values: []
Possible solutions: get(java.io.Serializable), getId(), grep(), grep(java.lang.Object), getAt(java.lang.String), wait()
groovy.lang.MissingMethodException: No signature of method: biblioj.Livre.get() is applicable for argument types: () values: []
Possible solutions: get(java.io.Serializable), getId(), grep(), grep(java.lang.Object), getAt(java.lang.String), wait()
	at biblioj.CartController.add(CartController.groovy:22)
	at biblioj.CartControllerTests.testAdd(CartControllerTests.groovy:39)

Testcase: testIndex took 0,911 sec
Testcase: testList took 0,29 sec
