Testsuite: biblioj.LivreControllerTests
Tests run: 8, Failures: 5, Errors: 0, Time elapsed: 3,188 sec
------------- Standard Output ---------------
--Output from testIndex--
--Output from testList--
--Output from testShow--
--Output from testCreate--
--Output from testSave--
--Output from testEdit--
--Output from testUpdate--
--Output from testDelete--
------------- ---------------- ---------------
------------- Standard Error -----------------
--Output from testIndex--
--Output from testList--
--Output from testShow--
--Output from testCreate--
--Output from testSave--
--Output from testEdit--
--Output from testUpdate--
--Output from testDelete--
------------- ---------------- ---------------

Testcase: testIndex took 0,424 sec
Testcase: testList took 0,143 sec
Testcase: testShow took 0,206 sec
	FAILED
Assertion failed: 

assert livre.save() != null
       |     |      |
       |     null   false
       Hunger games, nombre d'exemplaire : 3

junit.framework.AssertionFailedError: Assertion failed: 

assert livre.save() != null
       |     |      |
       |     null   false
       Hunger games, nombre d'exemplaire : 3

	at biblioj.LivreControllerTests.testShow(LivreControllerTests.groovy:74)

Testcase: testCreate took 0,106 sec
Testcase: testSave took 1,756 sec
	FAILED
Assertion failed: 

assert response.redirectedUrl == '/livre/show/1'
       |        |             |
       |        null          false
       org.codehaus.groovy.grails.plugins.testing.GrailsMockHttpServletResponse@7953ef

junit.framework.AssertionFailedError: Assertion failed: 

assert response.redirectedUrl == '/livre/show/1'
       |        |             |
       |        null          false
       org.codehaus.groovy.grails.plugins.testing.GrailsMockHttpServletResponse@7953ef

	at biblioj.LivreControllerTests.testSave(LivreControllerTests.groovy:60)

Testcase: testEdit took 0,108 sec
	FAILED
Assertion failed: 

assert livre.save() != null
       |     |      |
       |     null   false
       Hunger games, nombre d'exemplaire : 3

junit.framework.AssertionFailedError: Assertion failed: 

assert livre.save() != null
       |     |      |
       |     null   false
       Hunger games, nombre d'exemplaire : 3

	at biblioj.LivreControllerTests.testEdit(LivreControllerTests.groovy:92)

Testcase: testUpdate took 0,155 sec
	FAILED
Assertion failed: 

assert livre.save() != null
       |     |      |
       |     null   false
       Hunger games, nombre d'exemplaire : 3

junit.framework.AssertionFailedError: Assertion failed: 

assert livre.save() != null
       |     |      |
       |     null   false
       Hunger games, nombre d'exemplaire : 3

	at biblioj.LivreControllerTests.testUpdate(LivreControllerTests.groovy:112)

Testcase: testDelete took 0,133 sec
	FAILED
Assertion failed: 

assert livre.save() != null
       |     |      |
       |     null   false
       Hunger games, nombre d'exemplaire : 3

junit.framework.AssertionFailedError: Assertion failed: 

assert livre.save() != null
       |     |      |
       |     null   false
       Hunger games, nombre d'exemplaire : 3

	at biblioj.LivreControllerTests.testDelete(LivreControllerTests.groovy:156)

